# JRE version: Java(TM) SE Runtime Environment (8.0_152-b16) (build 1.8.0_152-b16)
# Java VM: Java HotSpot(TM) 64-Bit Server VM (25.152-b16 mixed mode windows-amd64 compressed oops)
Heap:
 PSYoungGen      total 140288K, used 107856K [0x00000000d5f00000, 0x00000000e0a00000, 0x0000000100000000)
  eden space 131584K, 75% used [0x00000000d5f00000,0x00000000dbfd9bb0,0x00000000ddf80000)
  from space 8704K, 99% used [0x00000000ddf80000,0x00000000de7fa5a0,0x00000000de800000)
  to   space 11264K, 0% used [0x00000000dff00000,0x00000000dff00000,0x00000000e0a00000)
 ParOldGen       total 57344K, used 9233K [0x0000000081c00000, 0x0000000085400000, 0x00000000d5f00000)
  object space 57344K, 16% used [0x0000000081c00000,0x0000000082504650,0x0000000085400000)
 Metaspace       used 33981K, capacity 35298K, committed 35416K, reserved 1079296K
  class space    used 4350K, capacity 4635K, committed 4696K, reserved 1048576K
GC Heap History (10 events):
Event: 4.796 GC heap before
{Heap before GC invocations=4 (full 0):
 PSYoungGen      total 38400K, used 38380K [0x00000000d5f00000, 0x00000000daa00000, 0x0000000100000000)
  eden space 33280K, 100% used [0x00000000d5f00000,0x00000000d7f80000,0x00000000d7f80000)
  from space 5120K, 99% used [0x00000000d7f80000,0x00000000d847b3a0,0x00000000d8480000)
  to   space 5120K, 0% used [0x00000000da500000,0x00000000da500000,0x00000000daa00000)
 ParOldGen       total 87552K, used 692K [0x0000000081c00000, 0x0000000087180000, 0x00000000d5f00000)
  object space 87552K, 0% used [0x0000000081c00000,0x0000000081cad2c0,0x0000000087180000)
 Metaspace       used 18632K, capacity 19126K, committed 19200K, reserved 1067008K
  class space    used 2371K, capacity 2529K, committed 2560K, reserved 1048576K
Event: 4.814 GC heap after
Heap after GC invocations=4 (full 0):
 PSYoungGen      total 71680K, used 5103K [0x00000000d5f00000, 0x00000000daa00000, 0x0000000100000000)
  eden space 66560K, 0% used [0x00000000d5f00000,0x00000000d5f00000,0x00000000da000000)
  from space 5120K, 99% used [0x00000000da500000,0x00000000da9fbe00,0x00000000daa00000)
  to   space 5120K, 0% used [0x00000000da000000,0x00000000da000000,0x00000000da500000)
 ParOldGen       total 87552K, used 2754K [0x0000000081c00000, 0x0000000087180000, 0x00000000d5f00000)
  object space 87552K, 3% used [0x0000000081c00000,0x0000000081eb0b80,0x0000000087180000)
 Metaspace       used 18632K, capacity 19126K, committed 19200K, reserved 1067008K
  class space    used 2371K, capacity 2529K, committed 2560K, reserved 1048576K
}
Event: 5.940 GC heap before
{Heap before GC invocations=5 (full 0):
 PSYoungGen      total 71680K, used 32960K [0x00000000d5f00000, 0x00000000daa00000, 0x0000000100000000)
  eden space 66560K, 41% used [0x00000000d5f00000,0x00000000d7a34320,0x00000000da000000)
  from space 5120K, 99% used [0x00000000da500000,0x00000000da9fbe00,0x00000000daa00000)
  to   space 5120K, 0% used [0x00000000da000000,0x00000000da000000,0x00000000da500000)
 ParOldGen       total 87552K, used 2754K [0x0000000081c00000, 0x0000000087180000, 0x00000000d5f00000)
  object space 87552K, 3% used [0x0000000081c00000,0x0000000081eb0b80,0x0000000087180000)
 Metaspace       used 20665K, capacity 21184K, committed 21248K, reserved 1067008K
  class space    used 2628K, capacity 2786K, committed 2816K, reserved 1048576K
Event: 6.043 GC heap after
Heap after GC invocations=5 (full 0):
 PSYoungGen      total 71680K, used 5104K [0x00000000d5f00000, 0x00000000df200000, 0x0000000100000000)
  eden space 66560K, 0% used [0x00000000d5f00000,0x00000000d5f00000,0x00000000da000000)
  from space 5120K, 99% used [0x00000000da000000,0x00000000da4fc010,0x00000000da500000)
  to   space 8704K, 0% used [0x00000000de980000,0x00000000de980000,0x00000000df200000)
 ParOldGen       total 87552K, used 4708K [0x0000000081c00000, 0x0000000087180000, 0x00000000d5f00000)
  object space 87552K, 5% used [0x0000000081c00000,0x00000000820990e0,0x0000000087180000)
 Metaspace       used 20665K, capacity 21184K, committed 21248K, reserved 1067008K
  class space    used 2628K, capacity 2786K, committed 2816K, reserved 1048576K
}
Event: 6.043 GC heap before
{Heap before GC invocations=6 (full 1):
 PSYoungGen      total 71680K, used 5104K [0x00000000d5f00000, 0x00000000df200000, 0x0000000100000000)
  eden space 66560K, 0% used [0x00000000d5f00000,0x00000000d5f00000,0x00000000da000000)
  from space 5120K, 99% used [0x00000000da000000,0x00000000da4fc010,0x00000000da500000)
  to   space 8704K, 0% used [0x00000000de980000,0x00000000de980000,0x00000000df200000)
 ParOldGen       total 87552K, used 4708K [0x0000000081c00000, 0x0000000087180000, 0x00000000d5f00000)
  object space 87552K, 5% used [0x0000000081c00000,0x00000000820990e0,0x0000000087180000)
 Metaspace       used 20665K, capacity 21184K, committed 21248K, reserved 1067008K
  class space    used 2628K, capacity 2786K, committed 2816K, reserved 1048576K
Event: 6.208 GC heap after
Heap after GC invocations=6 (full 1):
 PSYoungGen      total 71680K, used 0K [0x00000000d5f00000, 0x00000000df200000, 0x0000000100000000)
  eden space 66560K, 0% used [0x00000000d5f00000,0x00000000d5f00000,0x00000000da000000)
  from space 5120K, 0% used [0x00000000da000000,0x00000000da000000,0x00000000da500000)
  to   space 8704K, 0% used [0x00000000de980000,0x00000000de980000,0x00000000df200000)
 ParOldGen       total 57344K, used 6921K [0x0000000081c00000, 0x0000000085400000, 0x00000000d5f00000)
  object space 57344K, 12% used [0x0000000081c00000,0x00000000822c26a0,0x0000000085400000)
 Metaspace       used 20665K, capacity 21184K, committed 21248K, reserved 1067008K
  class space    used 2628K, capacity 2786K, committed 2816K, reserved 1048576K
}
Event: 11.691 GC heap before
{Heap before GC invocations=7 (full 1):
 PSYoungGen      total 71680K, used 66560K [0x00000000d5f00000, 0x00000000df200000, 0x0000000100000000)
  eden space 66560K, 100% used [0x00000000d5f00000,0x00000000da000000,0x00000000da000000)
  from space 5120K, 0% used [0x00000000da000000,0x00000000da000000,0x00000000da500000)
  to   space 8704K, 0% used [0x00000000de980000,0x00000000de980000,0x00000000df200000)
 ParOldGen       total 57344K, used 6921K [0x0000000081c00000, 0x0000000085400000, 0x00000000d5f00000)
  object space 57344K, 12% used [0x0000000081c00000,0x00000000822c26a0,0x0000000085400000)
 Metaspace       used 24608K, capacity 25466K, committed 25728K, reserved 1071104K
  class space    used 3141K, capacity 3335K, committed 3456K, reserved 1048576K
Event: 11.774 GC heap after
Heap after GC invocations=7 (full 1):
 PSYoungGen      total 109568K, used 7130K [0x00000000d5f00000, 0x00000000df080000, 0x0000000100000000)
  eden space 102400K, 0% used [0x00000000d5f00000,0x00000000d5f00000,0x00000000dc300000)
  from space 7168K, 99% used [0x00000000de980000,0x00000000df0769f0,0x00000000df080000)
  to   space 8704K, 0% used [0x00000000ddf80000,0x00000000ddf80000,0x00000000de800000)
 ParOldGen       total 57344K, used 6929K [0x0000000081c00000, 0x0000000085400000, 0x00000000d5f00000)
  object space 57344K, 12% used [0x0000000081c00000,0x00000000822c46a0,0x0000000085400000)
 Metaspace       used 24608K, capacity 25466K, committed 25728K, reserved 1071104K
  class space    used 3141K, capacity 3335K, committed 3456K, reserved 1048576K
}
Event: 15.807 GC heap before
{Heap before GC invocations=8 (full 1):
 PSYoungGen      total 109568K, used 109530K [0x00000000d5f00000, 0x00000000df080000, 0x0000000100000000)
  eden space 102400K, 100% used [0x00000000d5f00000,0x00000000dc300000,0x00000000dc300000)
  from space 7168K, 99% used [0x00000000de980000,0x00000000df0769f0,0x00000000df080000)
  to   space 8704K, 0% used [0x00000000ddf80000,0x00000000ddf80000,0x00000000de800000)
 ParOldGen       total 57344K, used 6929K [0x0000000081c00000, 0x0000000085400000, 0x00000000d5f00000)
  object space 57344K, 12% used [0x0000000081c00000,0x00000000822c46a0,0x0000000085400000)
 Metaspace       used 29447K, capacity 30714K, committed 30976K, reserved 1077248K
  class space    used 3773K, capacity 4027K, committed 4096K, reserved 1048576K
Event: 15.838 GC heap after
Heap after GC invocations=8 (full 1):
 PSYoungGen      total 140288K, used 8681K [0x00000000d5f00000, 0x00000000e0a00000, 0x0000000100000000)
  eden space 131584K, 0% used [0x00000000d5f00000,0x00000000d5f00000,0x00000000ddf80000)
  from space 8704K, 99% used [0x00000000ddf80000,0x00000000de7fa5a0,0x00000000de800000)
  to   space 11264K, 0% used [0x00000000dff00000,0x00000000dff00000,0x00000000e0a00000)
 ParOldGen       total 57344K, used 9233K [0x0000000081c00000, 0x0000000085400000, 0x00000000d5f00000)
  object space 57344K, 16% used [0x0000000081c00000,0x0000000082504650,0x0000000085400000)
 Metaspace       used 29447K, capacity 30714K, committed 30976K, reserved 1077248K
  class space    used 3773K, capacity 4027K, committed 4096K, reserved 1048576K
}

